2024-01-29 14:19:59,464 - INFO - Beginning search for Tede
2024-01-29 14:25:40,977 - INFO - Beginning search for Zioło
2024-01-29 15:19:33,338 - INFO - Beginning search for 2k-fra
2024-01-29 15:19:36,170 - WARNING - Difference in names: Name from lastFM: 2k-fra(RDN 2k (FRA)),
Name from Genius RDN 2k (FRA)
2024-01-29 15:19:36,389 - INFO - 2k-fra(RDN 2k (FRA)) has only 0 albums
2024-01-29 15:19:36,390 - INFO - artist has only 1 songs
2024-01-29 15:21:35,220 - INFO - Beginning search for 2k-fra
2024-01-29 15:21:36,918 - WARNING - Difference in names: Name from lastFM: 2k-fra(RDN 2k (FRA)),
Name from Genius RDN 2k (FRA)
2024-01-29 15:21:37,132 - INFO - 2k-fra(RDN 2k (FRA)) has only 0 albums
2024-01-29 15:21:37,132 - INFO - artist has only 1 songs
2024-01-29 15:23:13,084 - INFO - Beginning search for 2k-fra
2024-01-29 15:23:15,066 - WARNING - Difference in names: Name from lastFM: 2k-fra(RDN 2k (FRA)),
Name from Genius RDN 2k (FRA)
2024-01-29 15:23:15,309 - INFO - 2k-fra(RDN 2k (FRA)) has only 0 albums
2024-01-29 15:23:15,309 - INFO - artist has only 1 songs
2024-01-29 15:24:50,689 - INFO - Beginning search for 2k-fra
2024-01-29 15:24:52,450 - WARNING - Difference in names: Name from lastFM: 2k-fra(RDN 2k (FRA)),
Name from Genius RDN 2k (FRA)
2024-01-29 15:24:52,713 - INFO - 2k-fra(RDN 2k (FRA)) has only 0 albums
2024-01-29 15:24:52,714 - INFO - artist has only 1 songs
2024-01-29 15:25:35,587 - INFO - Beginning search for 2k-fra
2024-01-29 15:25:37,081 - WARNING - Difference in names: Name from lastFM: 2k-fra(RDN 2k (FRA)),
Name from Genius RDN 2k (FRA)
2024-01-29 15:25:37,292 - INFO - 2k-fra(RDN 2k (FRA)) has only 0 albums
2024-01-29 15:25:37,292 - INFO - artist has only 1 songs
2024-01-29 15:25:37,293 - INFO - Ending search for: 2k-fra
2024-01-29 15:31:08,734 - INFO - Beginning search for 2k-fra
2024-01-29 15:31:10,445 - WARNING - Difference in names: Name from lastFM: 2k-fra(RDN 2k (FRA)),
Name from Genius RDN 2k (FRA)
2024-01-29 15:31:10,672 - INFO - 2k-fra(RDN 2k (FRA)) has only 0 albums
2024-01-29 15:31:10,672 - INFO - artist has only 1 songs
2024-01-29 15:31:10,672 - INFO - Artist url https://genius.com/artists/Rdn-2k-fra already saved
2024-01-29 15:32:06,178 - INFO - Beginning search for 2k-fra
2024-01-29 15:32:07,954 - WARNING - Difference in names: Name from lastFM: 2k-fra(RDN 2k (FRA)),
Name from Genius RDN 2k (FRA)
2024-01-29 15:32:08,215 - INFO - 2k-fra(RDN 2k (FRA)) has only 0 albums
2024-01-29 15:32:08,216 - INFO - artist has only 1 songs
2024-01-29 15:32:54,215 - INFO - Artist url https://genius.com/artists/Rdn-2k-fra already saved
